<?xml version="1.0" encoding="UTF-8"?>
<!-- Generated by org.testng.reporters.JUnitReportReporter -->
<testsuite skipped="0" hostname="venkay32" name="STTA.MavenProject.BingTest" tests="1" failures="0" timestamp="06 Nov 2019 08:57:04 GMT" time="19.251" errors="0">
  <testcase name="testToCompareDoubles" time="19.251" classname="STTA.MavenProject.BingTest"/>
</testsuite> <!-- STTA.MavenProject.BingTest -->
