<?xml version="1.0" encoding="UTF-8"?>
<!-- Generated by org.testng.reporters.JUnitReportReporter -->
<testsuite skipped="0" hostname="venkay32" name="STTA.MavenProject.WebDriverTest" tests="1" failures="0" timestamp="05 Nov 2019 20:55:18 GMT" time="18.360" errors="0">
  <testcase name="verifySearch" time="18.360" classname="STTA.MavenProject.WebDriverTest"/>
</testsuite> <!-- STTA.MavenProject.WebDriverTest -->
