<?xml version="1.0" encoding="UTF-8"?>
<!-- Generated by org.testng.reporters.JUnitReportReporter -->
<testsuite skipped="0" hostname="venkay32" name="STTA.MavenProject.BingTest" tests="1" failures="0" timestamp="05 Nov 2019 20:55:18 GMT" time="3.511" errors="0">
  <testcase name="testToCompareDoubles" time="3.511" classname="STTA.MavenProject.BingTest"/>
</testsuite> <!-- STTA.MavenProject.BingTest -->
